<?xml version="1.0" encoding="UTF-8"?>
<!-- Generated by org.testng.reporters.JUnitXMLReporter -->
<testsuite hostname="classroom-PC" name="myTest" tests="6" failures="0" timestamp="26 Jun 2019 10:58:19 GMT" time="39.411" errors="0">
  <testcase name="addEmp" time="30.23" classname="myPack.Deepti"/>
  <testcase name="addLocation" time="0.001" classname="myPack.Deepti"/>
  <testcase name="deleteEmp" time="0.0" classname="myPack.Deepti"/>
  <testcase name="editEmp" time="0.0" classname="myPack.Deepti"/>
  <testcase name="editLocation" time="0.0" classname="myPack.Deepti"/>
  <testcase name="verifyLogin" time="9.14" classname="myPack.Deepti"/>
</testsuite> <!-- myTest -->
